<?xml version="1.0" encoding="UTF-8"?>
<!-- Generated by org.testng.reporters.JUnitReportReporter -->
<testsuite skipped="0" hostname="DESKTOP-GPASD0U" name="demo.LoginTest" tests="1" failures="0" timestamp="24 Nov 2018 07:11:11 GMT" time="19.474" errors="0">
  <testcase name="testOrangeHRM" time="19.474" classname="demo.LoginTest"/>
</testsuite> <!-- demo.LoginTest -->
