<?xml version="1.0" encoding="UTF-8"?>
<!-- Generated by org.testng.reporters.JUnitReportReporter -->
<testsuite skipped="0" hostname="DESKTOP-GPASD0U" name="demo.test.LoginTest" tests="1" failures="0" timestamp="24 Nov 2018 08:55:49 GMT" time="11.461" errors="0">
  <testcase name="testOrangeHRM" time="11.461" classname="demo.test.LoginTest"/>
</testsuite> <!-- demo.test.LoginTest -->
