<?xml version="1.0" encoding="UTF-8"?>
<!-- Generated by org.testng.reporters.JUnitReportReporter -->
<testsuite skipped="0" hostname="DESKTOP-GPASD0U" name="demo.SimpleTest" tests="1" failures="0" timestamp="24 Nov 2018 06:30:24 GMT" time="9.364" errors="0">
  <testcase name="testOrangeHRM" time="9.364" classname="demo.SimpleTest"/>
</testsuite> <!-- demo.SimpleTest -->
