<?xml version="1.0" encoding="UTF-8"?>
<!-- Generated by org.testng.reporters.JUnitReportReporter -->
<testsuite skipped="0" hostname="DESKTOP-GPASD0U" name="demo.pagetests.LoginTest" tests="1" failures="0" timestamp="24 Nov 2018 11:55:29 GMT" time="2.045" errors="0">
  <testcase name="verifyAdminLogin" time="2.045" classname="demo.pagetests.LoginTest"/>
</testsuite> <!-- demo.pagetests.LoginTest -->
