<?xml version="1.0" encoding="UTF-8"?>
<!-- Generated by org.testng.reporters.JUnitReportReporter -->
<testsuite skipped="0" hostname="DESKTOP-GPASD0U" name="demo.pagetests.UserManagementTest" tests="1" failures="0" timestamp="24 Nov 2018 12:16:54 GMT" time="4.926" errors="0">
  <testcase name="verifyUserManagement" time="4.926" classname="demo.pagetests.UserManagementTest"/>
</testsuite> <!-- demo.pagetests.UserManagementTest -->
